[ Date 01/05/24 20:37:43] ERROR: Invalid Credentials
    processTitle: "PTitle:- C:\WINDOWS\system32\cmd.exe "
    processId: "P_ID:- 15552"
[ Date 01/05/24 20:39:23] ERROR: Cannot access 'htmlTemp' before initialization
    processTitle: "PTitle:- C:\WINDOWS\system32\cmd.exe "
    processId: "P_ID:- 15552"
[ Date 01/05/24 20:40:29] ERROR: user is not defined
    processTitle: "PTitle:- C:\WINDOWS\system32\cmd.exe "
    processId: "P_ID:- 15416"
[ Date 01/05/24 20:42:26] ERROR: user is not defined
    processTitle: "PTitle:- C:\WINDOWS\system32\cmd.exe "
    processId: "P_ID:- 17340"
[ Date 01/05/24 20:43:32] ERROR: user is not defined
    processTitle: "PTitle:- C:\WINDOWS\system32\cmd.exe "
    processId: "P_ID:- 18056"
[ Date 01/05/24 20:44:02] INFO: Email sent successfully:
    processTitle: "PTitle:- C:\WINDOWS\system32\cmd.exe "
    processId: "P_ID:- 15860"
[ Date 01/05/24 20:44:02] INFO: Email sent Successfully
    processTitle: "PTitle:- C:\WINDOWS\system32\cmd.exe "
    processId: "P_ID:- 15860"
[ Date 01/05/24 20:48:02] ERROR: email password and otp are required
    processTitle: "PTitle:- C:\WINDOWS\system32\cmd.exe "
    processId: "P_ID:- 12468"
[ Date 01/05/24 20:48:02] ERROR: Cannot read properties of undefined (reading 'findOne')
    processTitle: "PTitle:- C:\WINDOWS\system32\cmd.exe "
    processId: "P_ID:- 12468"
[ Date 01/05/24 20:48:47] ERROR: email password and otp are required
    processTitle: "PTitle:- C:\WINDOWS\system32\cmd.exe "
    processId: "P_ID:- 6384"
[ Date 01/05/24 20:48:47] ERROR: passHash is not defined
    processTitle: "PTitle:- C:\WINDOWS\system32\cmd.exe "
    processId: "P_ID:- 6384"
[ Date 01/05/24 20:49:45] ERROR: email password and otp are required
    processTitle: "PTitle:- C:\WINDOWS\system32\cmd.exe "
    processId: "P_ID:- 3164"
[ Date 01/05/24 20:49:45] ERROR: Illegal arguments: undefined, string
    processTitle: "PTitle:- C:\WINDOWS\system32\cmd.exe "
    processId: "P_ID:- 3164"
[ Date 01/05/24 20:54:16] ERROR: Invalid Credentials
    processTitle: "PTitle:- C:\WINDOWS\system32\cmd.exe "
    processId: "P_ID:- 19112"
[ Date 01/05/24 20:57:49] INFO: Email sent successfully:
    processTitle: "PTitle:- C:\WINDOWS\system32\cmd.exe "
    processId: "P_ID:- 19112"
[ Date 01/05/24 20:57:50] INFO: Otp for verification sent successfully on your email
    processTitle: "PTitle:- C:\WINDOWS\system32\cmd.exe "
    processId: "P_ID:- 19112"
[ Date 01/05/24 21:00:13] ERROR: This email already exist
    processTitle: "PTitle:- C:\WINDOWS\system32\cmd.exe "
    processId: "P_ID:- 19112"
[ Date 01/05/24 21:00:13] ERROR: Error at User.controller while registering user
    processTitle: "PTitle:- C:\WINDOWS\system32\cmd.exe "
    processId: "P_ID:- 19112"
[ Date 01/05/24 21:01:08] INFO: Email sent successfully:
    processTitle: "PTitle:- C:\WINDOWS\system32\cmd.exe "
    processId: "P_ID:- 19112"
[ Date 01/05/24 21:01:08] INFO: Otp for verification sent successfully on your email
    processTitle: "PTitle:- C:\WINDOWS\system32\cmd.exe "
    processId: "P_ID:- 19112"
[ Date 01/05/24 21:02:23] INFO: otp verified and password changed
    processTitle: "PTitle:- C:\WINDOWS\system32\cmd.exe "
    processId: "P_ID:- 19112"
[ Date 01/05/24 21:02:30] ERROR: Oops! Verification failed. The OTP entered is incorrect
    processTitle: "PTitle:- C:\WINDOWS\system32\cmd.exe "
    processId: "P_ID:- 19112"
[ Date 01/05/24 21:02:31] INFO: otp verified and password changed
    processTitle: "PTitle:- C:\WINDOWS\system32\cmd.exe "
    processId: "P_ID:- 19112"
[ Date 01/05/24 21:02:31] ERROR: Cannot set headers after they are sent to the client
    processTitle: "PTitle:- C:\WINDOWS\system32\cmd.exe "
    processId: "P_ID:- 19112"
[ Date 01/05/24 21:04:04] INFO: Email sent successfully:
    processTitle: "PTitle:- C:\WINDOWS\system32\cmd.exe "
    processId: "P_ID:- 19112"
[ Date 01/05/24 21:04:04] INFO: Otp for verification sent successfully on your email
    processTitle: "PTitle:- C:\WINDOWS\system32\cmd.exe "
    processId: "P_ID:- 19112"
[ Date 01/05/24 21:06:28] INFO: otp verified and password changed
    processTitle: "PTitle:- C:\WINDOWS\system32\cmd.exe "
    processId: "P_ID:- 19112"
[ Date 01/05/24 21:09:14] ERROR: This email already exist
    processTitle: "PTitle:- C:\WINDOWS\system32\cmd.exe "
    processId: "P_ID:- 18800"
[ Date 01/05/24 21:09:14] ERROR: Error at User.controller while registering user
    processTitle: "PTitle:- C:\WINDOWS\system32\cmd.exe "
    processId: "P_ID:- 18800"
[ Date 01/05/24 21:10:11] INFO: Email sent successfully:
    processTitle: "PTitle:- C:\WINDOWS\system32\cmd.exe "
    processId: "P_ID:- 18800"
[ Date 01/05/24 21:10:12] INFO: Otp for verification sent successfully on your email
    processTitle: "PTitle:- C:\WINDOWS\system32\cmd.exe "
    processId: "P_ID:- 18800"
[ Date 01/05/24 21:11:21] INFO: otp verified and password changed successfully
    processTitle: "PTitle:- C:\WINDOWS\system32\cmd.exe "
    processId: "P_ID:- 18800"
[ Date 01/05/24 21:12:24] INFO: Email sent successfully:
    processTitle: "PTitle:- C:\WINDOWS\system32\cmd.exe "
    processId: "P_ID:- 18800"
[ Date 01/05/24 21:12:24] INFO: Otp for verification sent successfully on your email
    processTitle: "PTitle:- C:\WINDOWS\system32\cmd.exe "
    processId: "P_ID:- 18800"
[ Date 01/05/24 21:13:04] INFO: otp verified and password changed successfully
    processTitle: "PTitle:- C:\WINDOWS\system32\cmd.exe "
    processId: "P_ID:- 18800"
[ Date 01/05/24 21:13:17] ERROR: Invalid Credentials
    processTitle: "PTitle:- C:\WINDOWS\system32\cmd.exe "
    processId: "P_ID:- 18800"
[ Date 08/05/24 17:00:52] ERROR: Error in CreatePost :
    processTitle: "PTitle:- C:\WINDOWS\system32\cmd.exe "
    processId: "P_ID:- 4428"
[ Date 08/05/24 17:02:52] ERROR:
    processTitle: "PTitle:- C:\WINDOWS\system32\cmd.exe "
    processId: "P_ID:- 16832"
[ Date 08/05/24 17:17:43] ERROR: Error in CreatePost :
    processTitle: "PTitle:- C:\WINDOWS\system32\cmd.exe "
    processId: "P_ID:- 14048"
[ Date 08/05/24 17:18:08] ERROR: Error in CreatePost :
    processTitle: "PTitle:- C:\WINDOWS\system32\cmd.exe "
    processId: "P_ID:- 20496"
[ Date 08/05/24 18:30:44] ERROR: Error in UpdatePost :
    processTitle: "PTitle:- C:\WINDOWS\system32\cmd.exe "
    processId: "P_ID:- 19036"
[ Date 08/05/24 18:36:43] ERROR: Error in DeletePost :
    processTitle: "PTitle:- C:\WINDOWS\system32\cmd.exe "
    processId: "P_ID:- 14852"
[ Date 08/05/24 19:04:22] ERROR: Error at to post.controller getAllPost TypeError: ObjectId is not a constructor
    processTitle: "PTitle:- C:\WINDOWS\system32\cmd.exe "
    processId: "P_ID:- 11424"
[ Date 08/05/24 19:05:54] ERROR: Error at to post.controller getAllPost TypeError: Class constructor ObjectId cannot be invoked without 'new'
    processTitle: "PTitle:- C:\WINDOWS\system32\cmd.exe "
    processId: "P_ID:- 8332"
[ Date 08/05/24 20:54:28] ERROR: Error at to comment.controller commentDeleted ReferenceError: Comment is not defined
    processTitle: "PTitle:- C:\WINDOWS\system32\cmd.exe "
    processId: "P_ID:- 7884"
[ Date 08/05/24 20:56:22] ERROR: Error at to comment.controller commentDeleted ReferenceError: http is not defined
    processTitle: "PTitle:- C:\WINDOWS\system32\cmd.exe "
    processId: "P_ID:- 21608"
[ Date 08/05/24 20:59:23] ERROR: Error at to comment.controller commentPost ValidationError: userId: Path `userId` is required.
    processTitle: "PTitle:- C:\WINDOWS\system32\cmd.exe "
    processId: "P_ID:- 22232"
[ Date 08/05/24 21:00:57] ERROR: Error at to comment.controller commentPost ValidationError: userId: Path `userId` is required.
    processTitle: "PTitle:- C:\WINDOWS\system32\cmd.exe "
    processId: "P_ID:- 21156"
[ Date 08/05/24 21:30:59] ERROR: Error at to comment.controller likePost CastError: Cast to ObjectId failed for value "663b7e2ad1725010d8cd2aab\n" (type string) at path "_id" for model "Post"
    processTitle: "PTitle:- C:\WINDOWS\system32\cmd.exe "
    processId: "P_ID:- 17624"
[ Date 08/05/24 21:32:27] ERROR: Error at to comment.controller likePost CastError: Cast to ObjectId failed for value "663b7e2ad1725010d8cd2aab\n" (type string) at path "_id" for model "Post"
    processTitle: "PTitle:- C:\WINDOWS\system32\cmd.exe "
    processId: "P_ID:- 20440"
[ Date 08/05/24 21:33:22] ERROR: Error at to comment.controller likePost CastError: Cast to ObjectId failed for value "663b7e2ad1725010d8cd2aab\n" (type string) at path "_id" for model "Post"
    processTitle: "PTitle:- C:\WINDOWS\system32\cmd.exe "
    processId: "P_ID:- 19680"
[ Date 08/05/24 21:39:06] ERROR: Error at to comment.controller likePost CastError: Cast to ObjectId failed for value "663b7e2ad1725010d8cd2aab\n" (type string) at path "_id" for model "Post"
    processTitle: "PTitle:- C:\WINDOWS\system32\cmd.exe "
    processId: "P_ID:- 9076"
[ Date 08/05/24 21:40:03] ERROR: Error at to comment.controller likePost CastError: Cast to ObjectId failed for value "663b7e2ad1725010d8cd2aab\n" (type string) at path "_id" for model "Post"
    processTitle: "PTitle:- C:\WINDOWS\system32\cmd.exe "
    processId: "P_ID:- 15724"
[ Date 08/05/24 21:40:30] ERROR: Error at to comment.controller likePost CastError: Cast to ObjectId failed for value "663b7e2ad1725010d8cd2aab\n" (type string) at path "_id" for model "Post"
    processTitle: "PTitle:- C:\WINDOWS\system32\cmd.exe "
    processId: "P_ID:- 1412"
[ Date 08/05/24 21:40:32] ERROR: Error at to comment.controller likePost CastError: Cast to ObjectId failed for value "663b7e2ad1725010d8cd2aab\n" (type string) at path "_id" for model "Post"
    processTitle: "PTitle:- C:\WINDOWS\system32\cmd.exe "
    processId: "P_ID:- 1412"
[ Date 08/05/24 21:59:07] ERROR: Error at to post.controller getPost MongoServerError: PlanExecutor error during aggregation :: caused by :: input to $map must be an array not object
    processTitle: "PTitle:- C:\WINDOWS\system32\cmd.exe "
    processId: "P_ID:- 14440"
[ Date 08/05/24 22:13:29] ERROR: Error at to post.controller getPost MongoServerError: PlanExecutor error during aggregation :: caused by :: input to $map must be an array not object
    processTitle: "PTitle:- C:\WINDOWS\system32\cmd.exe "
    processId: "P_ID:- 20252"
[ Date 18/05/24 12:16:29] ERROR: Error at RegisterUser controller MongoServerError: E11000 duplicate key error collection: node-assignmemnt.users index: name_1 dup key: { name: null }
    processTitle: "PTitle:- C:\WINDOWS\system32\cmd.exe "
    processId: "P_ID:- 15984"
[ Date 18/05/24 12:17:39] ERROR: Error at RegisterUser controller MongoServerError: E11000 duplicate key error collection: node-assignmemnt.users index: name_1 dup key: { name: null }
    processTitle: "PTitle:- C:\WINDOWS\system32\cmd.exe "
    processId: "P_ID:- 7532"
[ Date 18/05/24 12:17:46] ERROR: Error at RegisterUser controller MongoServerError: E11000 duplicate key error collection: node-assignmemnt.users index: name_1 dup key: { name: null }
    processTitle: "PTitle:- C:\WINDOWS\system32\cmd.exe "
    processId: "P_ID:- 7532"
[ Date 18/05/24 12:19:24] ERROR: Error at RegisterUser controller MongoServerError: E11000 duplicate key error collection: node-assignmemnt.users index: name_1 dup key: { name: null }
    processTitle: "PTitle:- C:\WINDOWS\system32\cmd.exe "
    processId: "P_ID:- 8172"
[ Date 18/05/24 12:20:08] ERROR: Error at RegisterUser controller MongoServerError: E11000 duplicate key error collection: node-assignmemnt.users index: name_1 dup key: { name: null }
    processTitle: "PTitle:- C:\WINDOWS\system32\cmd.exe "
    processId: "P_ID:- 14604"
[ Date 18/05/24 12:21:12] ERROR: Error at RegisterUser controller MongoServerError: E11000 duplicate key error collection: node-assignmemnt.users index: name_1 dup key: { name: null }
    processTitle: "PTitle:- C:\WINDOWS\system32\cmd.exe "
    processId: "P_ID:- 2604"
[ Date 18/05/24 12:26:35] ERROR: Error at RegisterUser controller MongoServerError: E11000 duplicate key error collection: node-assignmemnt.users index: name_1 dup key: { name: null }
    processTitle: "PTitle:- C:\WINDOWS\system32\cmd.exe "
    processId: "P_ID:- 9756"
[ Date 18/05/24 12:27:26] ERROR: Error at RegisterUser controller MongoServerError: E11000 duplicate key error collection: node-assignmemnt.users index: name_1 dup key: { name: null }
    processTitle: "PTitle:- C:\WINDOWS\system32\cmd.exe "
    processId: "P_ID:- 13736"
[ Date 18/05/24 12:30:47] ERROR: Error at RegisterUser controller MongoServerError: E11000 duplicate key error collection: node-assignmemnt.users index: name_1 dup key: { name: null }
    processTitle: "PTitle:- C:\WINDOWS\system32\cmd.exe "
    processId: "P_ID:- 13988"
[ Date 18/05/24 12:31:15] ERROR: Error at RegisterUser controller MongoServerError: E11000 duplicate key error collection: node-assignmemnt.users index: name_1 dup key: { name: null }
    processTitle: "PTitle:- C:\WINDOWS\system32\cmd.exe "
    processId: "P_ID:- 11356"
[ Date 18/05/24 12:32:37] ERROR: Error at RegisterUser controller MongoServerError: E11000 duplicate key error collection: node-assignmemnt.users index: name_1 dup key: { name: null }
    processTitle: "PTitle:- C:\WINDOWS\system32\cmd.exe "
    processId: "P_ID:- 15952"
[ Date 18/05/24 12:39:46] ERROR: Error at RegisterUser controller MongoServerError: E11000 duplicate key error collection: node-assignmemnt.users index: name_1 dup key: { name: null }
    processTitle: "PTitle:- C:\WINDOWS\system32\cmd.exe "
    processId: "P_ID:- 19852"
[ Date 18/05/24 12:40:32] ERROR: Error at RegisterUser controller MongoServerError: E11000 duplicate key error collection: node-assignmemnt.users index: name_1 dup key: { name: null }
    processTitle: "PTitle:- C:\WINDOWS\system32\cmd.exe "
    processId: "P_ID:- 19852"
[ Date 18/05/24 12:45:32] ERROR: Error at User.controller while registering user
    processTitle: "PTitle:- C:\WINDOWS\system32\cmd.exe "
    processId: "P_ID:- 13140"
[ Date 18/05/24 12:45:34] ERROR: Error at User.controller while registering user
    processTitle: "PTitle:- C:\WINDOWS\system32\cmd.exe "
    processId: "P_ID:- 13140"
[ Date 18/05/24 12:46:16] ERROR: Error at User.controller while registering user
    processTitle: "PTitle:- C:\WINDOWS\system32\cmd.exe "
    processId: "P_ID:- 17576"
[ Date 18/05/24 12:48:35] ERROR: Error at User.controller while registering user
    processTitle: "PTitle:- C:\WINDOWS\system32\cmd.exe "
    processId: "P_ID:- 3488"
[ Date 18/05/24 12:52:01] ERROR: Error at RegisterUser Controller MongoServerError: E11000 duplicate key error collection: node-assignmemnt.users index: name_1 dup key: { name: null }
    processTitle: "PTitle:- C:\WINDOWS\system32\cmd.exe "
    processId: "P_ID:- 15272"
[ Date 18/05/24 12:52:04] ERROR: Error at RegisterUser Controller MongoServerError: E11000 duplicate key error collection: node-assignmemnt.users index: name_1 dup key: { name: null }
    processTitle: "PTitle:- C:\WINDOWS\system32\cmd.exe "
    processId: "P_ID:- 15272"
[ Date 18/05/24 12:59:55] ERROR: Error at RegisterUser Controller ReferenceError: secretKey is not defined
    processTitle: "PTitle:- C:\WINDOWS\system32\cmd.exe "
    processId: "P_ID:- 19308"
[ Date 18/05/24 13:10:15] ERROR: User not found
    processTitle: "PTitle:- C:\WINDOWS\system32\cmd.exe "
    processId: "P_ID:- 7068"
[ Date 18/05/24 13:10:15] ERROR: Error at User.controller while login user
    processTitle: "PTitle:- C:\WINDOWS\system32\cmd.exe "
    processId: "P_ID:- 7068"
[ Date 18/05/24 13:15:00] ERROR: User not found
    processTitle: "PTitle:- C:\WINDOWS\system32\cmd.exe "
    processId: "P_ID:- 20552"
[ Date 18/05/24 13:15:00] ERROR: Error at loginUser controller TypeError: Cannot read properties of null (reading 'password')
    processTitle: "PTitle:- C:\WINDOWS\system32\cmd.exe "
    processId: "P_ID:- 20552"
[ Date 18/05/24 13:16:08] ERROR: User not found
    processTitle: "PTitle:- C:\WINDOWS\system32\cmd.exe "
    processId: "P_ID:- 5376"
[ Date 18/05/24 13:16:08] ERROR: Error at loginUser controller TypeError: Cannot read properties of null (reading 'password')
    processTitle: "PTitle:- C:\WINDOWS\system32\cmd.exe "
    processId: "P_ID:- 5376"
[ Date 18/05/24 13:16:41] ERROR: User not found
    processTitle: "PTitle:- C:\WINDOWS\system32\cmd.exe "
    processId: "P_ID:- 3452"
[ Date 18/05/24 13:16:41] ERROR: Error at loginUser controller TypeError: Cannot read properties of null (reading 'password')
    processTitle: "PTitle:- C:\WINDOWS\system32\cmd.exe "
    processId: "P_ID:- 3452"
[ Date 18/05/24 13:19:37] ERROR: User not found
    processTitle: "PTitle:- C:\WINDOWS\system32\cmd.exe "
    processId: "P_ID:- 20664"
[ Date 18/05/24 13:23:46] ERROR: User not found
    processTitle: "PTitle:- C:\WINDOWS\system32\cmd.exe "
    processId: "P_ID:- 14672"
[ Date 18/05/24 13:25:32] ERROR: User not found
    processTitle: "PTitle:- C:\WINDOWS\system32\cmd.exe "
    processId: "P_ID:- 8344"
[ Date 18/05/24 13:27:11] ERROR: User not found
    processTitle: "PTitle:- C:\WINDOWS\system32\cmd.exe "
    processId: "P_ID:- 8780"
[ Date 18/05/24 13:30:33] ERROR: User not found
    processTitle: "PTitle:- C:\WINDOWS\system32\cmd.exe "
    processId: "P_ID:- 20428"
[ Date 18/05/24 13:46:40] ERROR: Error at loginUser controller RangeError [ERR_HTTP_INVALID_STATUS_CODE]: Invalid status code: user login successfully
    processTitle: "PTitle:- C:\WINDOWS\system32\cmd.exe "
    processId: "P_ID:- 10692"
[ Date 18/05/24 13:47:15] ERROR: Error at loginUser controller Error [ERR_HTTP_HEADERS_SENT]: Cannot set headers after they are sent to the client
    processTitle: "PTitle:- C:\WINDOWS\system32\cmd.exe "
    processId: "P_ID:- 17540"
[ Date 18/05/24 14:18:10] INFO: mongodb connect successfully
    processTitle: "PTitle:- C:\WINDOWS\system32\cmd.exe "
    processId: "P_ID:- 12056"
[ Date 18/05/24 14:18:34] INFO: server is running on port 5050
    processTitle: "PTitle:- C:\WINDOWS\system32\cmd.exe "
    processId: "P_ID:- 14576"
[ Date 18/05/24 14:18:38] INFO: mongodb connect successfully
    processTitle: "PTitle:- C:\WINDOWS\system32\cmd.exe "
    processId: "P_ID:- 14576"
[ Date 18/05/24 14:18:56] INFO: server is running on port 5050
    processTitle: "PTitle:- C:\WINDOWS\system32\cmd.exe "
    processId: "P_ID:- 17352"
[ Date 18/05/24 14:19:00] INFO: mongodb connect successfully
    processTitle: "PTitle:- C:\WINDOWS\system32\cmd.exe "
    processId: "P_ID:- 17352"
